#
# There is insufficient memory for the Java Runtime Environment to continue.
# Native memory allocation (mmap) failed to map 65536 bytes for Failed to commit metaspace.
# Possible reasons:
#   The system is out of physical RAM or swap space
#   The process is running with CompressedOops enabled, and the Java Heap may be blocking the growth of the native heap
# Possible solutions:
#   Reduce memory load on the system
#   Increase physical memory or swap space
#   Check if swap backing store is full
#   Decrease Java heap size (-Xmx/-Xms)
#   Decrease number of Java threads
#   Decrease Java thread stack sizes (-Xss)
#   Set larger code cache with -XX:ReservedCodeCacheSize=
#   JVM is running with Unscaled Compressed Oops mode in which the Java heap is
#     placed in the first 4GB address space. The Java Heap base address is the
#     maximum limit for the native heap growth. Please use -XX:HeapBaseMinAddress
#     to set the Java Heap base and to place the Java Heap above 4GB virtual address.
# This output file may be truncated or incomplete.
#
#  Out of Memory Error (virtualSpaceNode.cpp:110), pid=508260, tid=517192
#
# JRE version: Java(TM) SE Runtime Environment Oracle GraalVM 17.0.10+11.1 (17.0.10+11) (build 17.0.10+11-LTS-jvmci-23.0-b27)
# Java VM: Java HotSpot(TM) 64-Bit Server VM Oracle GraalVM 17.0.10+11.1 (17.0.10+11-LTS-jvmci-23.0-b27, mixed mode, sharing, tiered, jvmci, jvmci compiler, compressed oops, compressed class ptrs, g1 gc, windows-amd64)
# No core dump will be written. Minidumps are not enabled by default on client versions of Windows
#

---------------  S U M M A R Y ------------

Command Line: -XX:ThreadPriorityPolicy=1 -XX:+UnlockExperimentalVMOptions -XX:+EnableJVMCIProduct -XX:-UnlockExperimentalVMOptions -Xmx768M -Xms256M -Xmx64m -Xms64m -Dorg.gradle.appname=gradlew F:\github\dove-home-team\essentialism\\gradle\wrapper\gradle-wrapper.jar compileJava --no-daemon -Dorg .gradle.jvmargs=-Xmx768M

Host: Intel(R) Core(TM) i7-8750H CPU @ 2.20GHz, 12 cores, 15G,  Windows 10 , 64 bit Build 19041 (10.0.19041.5915)
Time: Tue Jul  7 15:57:48 2026  Windows 10 , 64 bit Build 19041 (10.0.19041.5915) elapsed time: 0.091447 seconds (0d 0h 0m 0s)

---------------  T H R E A D  ---------------

Current thread (0x000001dd58b0b7a0):  JavaThread "main" [_thread_in_vm, id=517192, stack(0x0000003654600000,0x0000003654700000)]

Stack: [0x0000003654600000,0x0000003654700000]
Native frames: (J=compiled Java code, j=interpreted, Vv=VM code, C=native code)
V  [jvm.dll+0x66d22a]
V  [jvm.dll+0x7cdafe]
V  [jvm.dll+0x7cf49e]
V  [jvm.dll+0x7cfb53]
V  [jvm.dll+0x2457bf]
V  [jvm.dll+0x7c980b]
V  [jvm.dll+0x613276]
V  [jvm.dll+0x6132da]
V  [jvm.dll+0x615b4d]
V  [jvm.dll+0x613c76]
V  [jvm.dll+0x624a39]
V  [jvm.dll+0x61dd44]
V  [jvm.dll+0x37e241]
C  0x000001dd6a25c32d

Java frames: (J=compiled Java code, j=interpreted, Vv=VM code)
j  java.util.jar.Manifest.getAttributes(Ljava/lang/String;)Ljava/util/jar/Attributes;+0 java.base@17.0.10
j  java.util.jar.Manifest.getTrustedAttributes(Ljava/lang/String;)Ljava/util/jar/Attributes;+2 java.base@17.0.10
j  java.util.jar.JavaUtilJarAccessImpl.getTrustedAttributes(Ljava/util/jar/Manifest;Ljava/lang/String;)Ljava/util/jar/Attributes;+2 java.base@17.0.10
j  jdk.internal.loader.BuiltinClassLoader.definePackage(Ljava/lang/String;Ljava/util/jar/Manifest;Ljava/net/URL;)Ljava/lang/Package;+45 java.base@17.0.10
j  jdk.internal.loader.BuiltinClassLoader.defineOrCheckPackage(Ljava/lang/String;Ljava/util/jar/Manifest;Ljava/net/URL;)Ljava/lang/Package;+22 java.base@17.0.10
j  jdk.internal.loader.ClassLoaders$AppClassLoader.defineOrCheckPackage(Ljava/lang/String;Ljava/util/jar/Manifest;Ljava/net/URL;)Ljava/lang/Package;+4 java.base@17.0.10
j  jdk.internal.loader.BuiltinClassLoader.defineClass(Ljava/lang/String;Ljdk/internal/loader/Resource;)Ljava/lang/Class;+40 java.base@17.0.10
j  jdk.internal.loader.BuiltinClassLoader.findClassOnClassPathOrNull(Ljava/lang/String;)Ljava/lang/Class;+37 java.base@17.0.10
j  jdk.internal.loader.BuiltinClassLoader.loadClassOrNull(Ljava/lang/String;Z)Ljava/lang/Class;+111 java.base@17.0.10
j  jdk.internal.loader.BuiltinClassLoader.loadClass(Ljava/lang/String;Z)Ljava/lang/Class;+3 java.base@17.0.10
j  jdk.internal.loader.ClassLoaders$AppClassLoader.loadClass(Ljava/lang/String;Z)Ljava/lang/Class;+36 java.base@17.0.10
j  java.lang.ClassLoader.loadClass(Ljava/lang/String;)Ljava/lang/Class;+3 java.base@17.0.10
v  ~StubRoutines::call_stub
j  java.lang.Class.forName0(Ljava/lang/String;ZLjava/lang/ClassLoader;Ljava/lang/Class;)Ljava/lang/Class;+0 java.base@17.0.10
j  java.lang.Class.forName(Ljava/lang/String;ZLjava/lang/ClassLoader;)Ljava/lang/Class;+43 java.base@17.0.10
j  sun.launcher.LauncherHelper.loadMainClass(ILjava/lang/String;)Ljava/lang/Class;+95 java.base@17.0.10
j  sun.launcher.LauncherHelper.checkAndLoadMain(ZILjava/lang/String;)Ljava/lang/Class;+42 java.base@17.0.10
v  ~StubRoutines::call_stub

---------------  P R O C E S S  ---------------

Threads class SMR info:
_java_thread_list=0x000001dd752960e0, length=14, elements={
0x000001dd58b0b7a0, 0x000001dd750e56d0, 0x000001dd750e6550, 0x000001dd75101c90,
0x000001dd75104930, 0x000001dd75106860, 0x000001dd75107220, 0x000001dd75107fc0,
0x000001dd75109a80, 0x000001dd751161a0, 0x000001dd750cf900, 0x000001dd752308a0,
0x000001dd75230fd0, 0x000001dd752d5b90
}

Java Threads: ( => current thread )
=>0x000001dd58b0b7a0 JavaThread "main" [_thread_in_vm, id=517192, stack(0x0000003654600000,0x0000003654700000)]
  0x000001dd750e56d0 JavaThread "Reference Handler" daemon [_thread_blocked, id=517968, stack(0x0000003654d00000,0x0000003654e00000)]
  0x000001dd750e6550 JavaThread "Finalizer" daemon [_thread_blocked, id=518088, stack(0x0000003654e00000,0x0000003654f00000)]
  0x000001dd75101c90 JavaThread "Signal Dispatcher" daemon [_thread_blocked, id=513524, stack(0x0000003654f00000,0x0000003655000000)]
  0x000001dd75104930 JavaThread "Attach Listener" daemon [_thread_blocked, id=517940, stack(0x0000003655000000,0x0000003655100000)]
  0x000001dd75106860 JavaThread "Service Thread" daemon [_thread_blocked, id=517832, stack(0x0000003655100000,0x0000003655200000)]
  0x000001dd75107220 JavaThread "Monitor Deflation Thread" daemon [_thread_blocked, id=517876, stack(0x0000003655200000,0x0000003655300000)]
  0x000001dd75107fc0 JavaThread "JVMCI-native CompilerThread0" daemon [_thread_blocked, id=517884, stack(0x0000003655300000,0x0000003655400000)]
  0x000001dd75109a80 JavaThread "C1 CompilerThread0" daemon [_thread_blocked, id=517932, stack(0x0000003655400000,0x0000003655500000)]
  0x000001dd751161a0 JavaThread "Sweeper thread" daemon [_thread_blocked, id=518096, stack(0x0000003655500000,0x0000003655600000)]
  0x000001dd750cf900 JavaThread "Common-Cleaner" daemon [_thread_blocked, id=517988, stack(0x0000003655600000,0x0000003655700000)]
  0x000001dd752308a0 JavaThread "C1 CompilerThread1" daemon [_thread_blocked, id=12784, stack(0x0000003655700000,0x0000003655800000)]
  0x000001dd75230fd0 JavaThread "C1 CompilerThread2" daemon [_thread_blocked, id=518000, stack(0x0000003655800000,0x0000003655900000)]
  0x000001dd752d5b90 JavaThread "Notification Thread" daemon [_thread_blocked, id=517768, stack(0x0000003655900000,0x0000003655a00000)]

Other Threads:
  0x000001dd750df6c0 VMThread "VM Thread" [stack: 0x0000003654c00000,0x0000003654d00000] [id=510196]
  0x000001dd752d8080 WatcherThread [stack: 0x0000003655a00000,0x0000003655b00000] [id=517568]
  0x000001dd58b2c470 GCTaskThread "GC Thread#0" [stack: 0x0000003654700000,0x0000003654800000] [id=517728]
  0x000001dd58b2dbc0 ConcurrentGCThread "G1 Main Marker" [stack: 0x0000003654800000,0x0000003654900000] [id=517844]
  0x000001dd58b2e5d0 ConcurrentGCThread "G1 Conc#0" [stack: 0x0000003654900000,0x0000003654a00000] [id=518140]
  0x000001dd58bd39b0 ConcurrentGCThread "G1 Refine#0" [stack: 0x0000003654a00000,0x0000003654b00000] [id=517836]
  0x000001dd58bd43e0 ConcurrentGCThread "G1 Service" [stack: 0x0000003654b00000,0x0000003654c00000] [id=517812]

Threads with active compile tasks:

VM state: not at safepoint (normal execution)

VM Mutex/Monitor currently owned by a thread:  ([mutex/lock_event])
[0x000001dd58b05790] Metaspace_lock - owner thread: 0x000001dd58b0b7a0

Heap address: 0x00000000fc000000, size: 64 MB, Compressed Oops mode: 32-bit

CDS archive(s) mapped at: [0x000001dd00000000-0x000001dd00bd0000-0x000001dd00bd0000), size 12386304, SharedBaseAddress: 0x000001dd00000000, ArchiveRelocationMode: 1.
Compressed class space mapped at: 0x000001dd01000000-0x000001dd41000000, reserved size: 1073741824
Narrow klass base: 0x000001dd00000000, Narrow klass shift: 0, Narrow klass range: 0x100000000

GC Precious Log:
 CPUs: 12 total, 12 available
 Memory: 16275M
 Large Page Support: Disabled
 NUMA Support: Disabled
 Compressed Oops: Enabled (32-bit)
 Heap Region Size: 1M
 Heap Min Capacity: 64M
 Heap Initial Capacity: 64M
 Heap Max Capacity: 64M
 Pre-touch: Disabled
 Parallel Workers: 10
 Concurrent Workers: 3
 Concurrent Refinement Workers: 10
 Periodic GC: Disabled

Heap:
 garbage-first heap   total 65536K, used 3072K [0x00000000fc000000, 0x0000000100000000)
  region size 1024K, 4 young (4096K), 0 survivors (0K)
 Metaspace       used 333K, committed 512K, reserved 1114112K
  class space    used 12K, committed 128K, reserved 1048576K

Heap Regions: E=young(eden), S=young(survivor), O=old, HS=humongous(starts), HC=humongous(continues), CS=collection set, F=free, OA=open archive, CA=closed archive, TAMS=top-at-mark-start (previous, next)
|   0|0x00000000fc000000, 0x00000000fc000000, 0x00000000fc100000|  0%| F|  |TAMS 0x00000000fc000000, 0x00000000fc000000| Untracked 
|   1|0x00000000fc100000, 0x00000000fc100000, 0x00000000fc200000|  0%| F|  |TAMS 0x00000000fc100000, 0x00000000fc100000| Untracked 
|   2|0x00000000fc200000, 0x00000000fc200000, 0x00000000fc300000|  0%| F|  |TAMS 0x00000000fc200000, 0x00000000fc200000| Untracked 
|   3|0x00000000fc300000, 0x00000000fc300000, 0x00000000fc400000|  0%| F|  |TAMS 0x00000000fc300000, 0x00000000fc300000| Untracked 
|   4|0x00000000fc400000, 0x00000000fc400000, 0x00000000fc500000|  0%| F|  |TAMS 0x00000000fc400000, 0x00000000fc400000| Untracked 
|   5|0x00000000fc500000, 0x00000000fc500000, 0x00000000fc600000|  0%| F|  |TAMS 0x00000000fc500000, 0x00000000fc500000| Untracked 
|   6|0x00000000fc600000, 0x00000000fc600000, 0x00000000fc700000|  0%| F|  |TAMS 0x00000000fc600000, 0x00000000fc600000| Untracked 
|   7|0x00000000fc700000, 0x00000000fc700000, 0x00000000fc800000|  0%| F|  |TAMS 0x00000000fc700000, 0x00000000fc700000| Untracked 
|   8|0x00000000fc800000, 0x00000000fc800000, 0x00000000fc900000|  0%| F|  |TAMS 0x00000000fc800000, 0x00000000fc800000| Untracked 
|   9|0x00000000fc900000, 0x00000000fc900000, 0x00000000fca00000|  0%| F|  |TAMS 0x00000000fc900000, 0x00000000fc900000| Untracked 
|  10|0x00000000fca00000, 0x00000000fca00000, 0x00000000fcb00000|  0%| F|  |TAMS 0x00000000fca00000, 0x00000000fca00000| Untracked 
|  11|0x00000000fcb00000, 0x00000000fcb00000, 0x00000000fcc00000|  0%| F|  |TAMS 0x00000000fcb00000, 0x00000000fcb00000| Untracked 
|  12|0x00000000fcc00000, 0x00000000fcc00000, 0x00000000fcd00000|  0%| F|  |TAMS 0x00000000fcc00000, 0x00000000fcc00000| Untracked 
|  13|0x00000000fcd00000, 0x00000000fcd00000, 0x00000000fce00000|  0%| F|  |TAMS 0x00000000fcd00000, 0x00000000fcd00000| Untracked 
|  14|0x00000000fce00000, 0x00000000fce00000, 0x00000000fcf00000|  0%| F|  |TAMS 0x00000000fce00000, 0x00000000fce00000| Untracked 
|  15|0x00000000fcf00000, 0x00000000fcf00000, 0x00000000fd000000|  0%| F|  |TAMS 0x00000000fcf00000, 0x00000000fcf00000| Untracked 
|  16|0x00000000fd000000, 0x00000000fd000000, 0x00000000fd100000|  0%| F|  |TAMS 0x00000000fd000000, 0x00000000fd000000| Untracked 
|  17|0x00000000fd100000, 0x00000000fd100000, 0x00000000fd200000|  0%| F|  |TAMS 0x00000000fd100000, 0x00000000fd100000| Untracked 
|  18|0x00000000fd200000, 0x00000000fd200000, 0x00000000fd300000|  0%| F|  |TAMS 0x00000000fd200000, 0x00000000fd200000| Untracked 
|  19|0x00000000fd300000, 0x00000000fd300000, 0x00000000fd400000|  0%| F|  |TAMS 0x00000000fd300000, 0x00000000fd300000| Untracked 
|  20|0x00000000fd400000, 0x00000000fd400000, 0x00000000fd500000|  0%| F|  |TAMS 0x00000000fd400000, 0x00000000fd400000| Untracked 
|  21|0x00000000fd500000, 0x00000000fd500000, 0x00000000fd600000|  0%| F|  |TAMS 0x00000000fd500000, 0x00000000fd500000| Untracked 
|  22|0x00000000fd600000, 0x00000000fd600000, 0x00000000fd700000|  0%| F|  |TAMS 0x00000000fd600000, 0x00000000fd600000| Untracked 
|  23|0x00000000fd700000, 0x00000000fd700000, 0x00000000fd800000|  0%| F|  |TAMS 0x00000000fd700000, 0x00000000fd700000| Untracked 
|  24|0x00000000fd800000, 0x00000000fd800000, 0x00000000fd900000|  0%| F|  |TAMS 0x00000000fd800000, 0x00000000fd800000| Untracked 
|  25|0x00000000fd900000, 0x00000000fd900000, 0x00000000fda00000|  0%| F|  |TAMS 0x00000000fd900000, 0x00000000fd900000| Untracked 
|  26|0x00000000fda00000, 0x00000000fda00000, 0x00000000fdb00000|  0%| F|  |TAMS 0x00000000fda00000, 0x00000000fda00000| Untracked 
|  27|0x00000000fdb00000, 0x00000000fdb00000, 0x00000000fdc00000|  0%| F|  |TAMS 0x00000000fdb00000, 0x00000000fdb00000| Untracked 
|  28|0x00000000fdc00000, 0x00000000fdc00000, 0x00000000fdd00000|  0%| F|  |TAMS 0x00000000fdc00000, 0x00000000fdc00000| Untracked 
|  29|0x00000000fdd00000, 0x00000000fdd00000, 0x00000000fde00000|  0%| F|  |TAMS 0x00000000fdd00000, 0x00000000fdd00000| Untracked 
|  30|0x00000000fde00000, 0x00000000fde00000, 0x00000000fdf00000|  0%| F|  |TAMS 0x00000000fde00000, 0x00000000fde00000| Untracked 
|  31|0x00000000fdf00000, 0x00000000fdf00000, 0x00000000fe000000|  0%| F|  |TAMS 0x00000000fdf00000, 0x00000000fdf00000| Untracked 
|  32|0x00000000fe000000, 0x00000000fe000000, 0x00000000fe100000|  0%| F|  |TAMS 0x00000000fe000000, 0x00000000fe000000| Untracked 
|  33|0x00000000fe100000, 0x00000000fe100000, 0x00000000fe200000|  0%| F|  |TAMS 0x00000000fe100000, 0x00000000fe100000| Untracked 
|  34|0x00000000fe200000, 0x00000000fe200000, 0x00000000fe300000|  0%| F|  |TAMS 0x00000000fe200000, 0x00000000fe200000| Untracked 
|  35|0x00000000fe300000, 0x00000000fe300000, 0x00000000fe400000|  0%| F|  |TAMS 0x00000000fe300000, 0x00000000fe300000| Untracked 
|  36|0x00000000fe400000, 0x00000000fe400000, 0x00000000fe500000|  0%| F|  |TAMS 0x00000000fe400000, 0x00000000fe400000| Untracked 
|  37|0x00000000fe500000, 0x00000000fe500000, 0x00000000fe600000|  0%| F|  |TAMS 0x00000000fe500000, 0x00000000fe500000| Untracked 
|  38|0x00000000fe600000, 0x00000000fe600000, 0x00000000fe700000|  0%| F|  |TAMS 0x00000000fe600000, 0x00000000fe600000| Untracked 
|  39|0x00000000fe700000, 0x00000000fe700000, 0x00000000fe800000|  0%| F|  |TAMS 0x00000000fe700000, 0x00000000fe700000| Untracked 
|  40|0x00000000fe800000, 0x00000000fe800000, 0x00000000fe900000|  0%| F|  |TAMS 0x00000000fe800000, 0x00000000fe800000| Untracked 
|  41|0x00000000fe900000, 0x00000000fe900000, 0x00000000fea00000|  0%| F|  |TAMS 0x00000000fe900000, 0x00000000fe900000| Untracked 
|  42|0x00000000fea00000, 0x00000000fea00000, 0x00000000feb00000|  0%| F|  |TAMS 0x00000000fea00000, 0x00000000fea00000| Untracked 
|  43|0x00000000feb00000, 0x00000000feb00000, 0x00000000fec00000|  0%| F|  |TAMS 0x00000000feb00000, 0x00000000feb00000| Untracked 
|  44|0x00000000fec00000, 0x00000000fec00000, 0x00000000fed00000|  0%| F|  |TAMS 0x00000000fec00000, 0x00000000fec00000| Untracked 
|  45|0x00000000fed00000, 0x00000000fed00000, 0x00000000fee00000|  0%| F|  |TAMS 0x00000000fed00000, 0x00000000fed00000| Untracked 
|  46|0x00000000fee00000, 0x00000000fee00000, 0x00000000fef00000|  0%| F|  |TAMS 0x00000000fee00000, 0x00000000fee00000| Untracked 
|  47|0x00000000fef00000, 0x00000000fef00000, 0x00000000ff000000|  0%| F|  |TAMS 0x00000000fef00000, 0x00000000fef00000| Untracked 
|  48|0x00000000ff000000, 0x00000000ff000000, 0x00000000ff100000|  0%| F|  |TAMS 0x00000000ff000000, 0x00000000ff000000| Untracked 
|  49|0x00000000ff100000, 0x00000000ff100000, 0x00000000ff200000|  0%| F|  |TAMS 0x00000000ff100000, 0x00000000ff100000| Untracked 
|  50|0x00000000ff200000, 0x00000000ff200000, 0x00000000ff300000|  0%| F|  |TAMS 0x00000000ff200000, 0x00000000ff200000| Untracked 
|  51|0x00000000ff300000, 0x00000000ff300000, 0x00000000ff400000|  0%| F|  |TAMS 0x00000000ff300000, 0x00000000ff300000| Untracked 
|  52|0x00000000ff400000, 0x00000000ff400000, 0x00000000ff500000|  0%| F|  |TAMS 0x00000000ff400000, 0x00000000ff400000| Untracked 
|  53|0x00000000ff500000, 0x00000000ff500000, 0x00000000ff600000|  0%| F|  |TAMS 0x00000000ff500000, 0x00000000ff500000| Untracked 
|  54|0x00000000ff600000, 0x00000000ff600000, 0x00000000ff700000|  0%| F|  |TAMS 0x00000000ff600000, 0x00000000ff600000| Untracked 
|  55|0x00000000ff700000, 0x00000000ff700000, 0x00000000ff800000|  0%| F|  |TAMS 0x00000000ff700000, 0x00000000ff700000| Untracked 
|  56|0x00000000ff800000, 0x00000000ff800000, 0x00000000ff900000|  0%| F|  |TAMS 0x00000000ff800000, 0x00000000ff800000| Untracked 
|  57|0x00000000ff900000, 0x00000000ff900000, 0x00000000ffa00000|  0%| F|  |TAMS 0x00000000ff900000, 0x00000000ff900000| Untracked 
|  58|0x00000000ffa00000, 0x00000000ffa00000, 0x00000000ffb00000|  0%| F|  |TAMS 0x00000000ffa00000, 0x00000000ffa00000| Untracked 
|  59|0x00000000ffb00000, 0x00000000ffb00000, 0x00000000ffc00000|  0%| F|  |TAMS 0x00000000ffb00000, 0x00000000ffb00000| Untracked 
|  60|0x00000000ffc00000, 0x00000000ffc76470, 0x00000000ffd00000| 46%| E|  |TAMS 0x00000000ffc00000, 0x00000000ffc00000| Complete 
|  61|0x00000000ffd00000, 0x00000000ffe00000, 0x00000000ffe00000|100%| E|CS|TAMS 0x00000000ffd00000, 0x00000000ffd00000| Complete 
|  62|0x00000000ffe00000, 0x00000000fff00000, 0x00000000fff00000|100%| E|CS|TAMS 0x00000000ffe00000, 0x00000000ffe00000| Complete 
|  63|0x00000000fff00000, 0x0000000100000000, 0x0000000100000000|100%| E|CS|TAMS 0x00000000fff00000, 0x00000000fff00000| Complete 

Card table byte_map: [0x000001dd58a30000,0x000001dd58a50000] _byte_map_base: 0x000001dd58250000

Marking Bits (Prev, Next): (CMBitMap*) 0x000001dd58b2ca90, (CMBitMap*) 0x000001dd58b2cad0
 Prev Bits: [0x000001dd72310000, 0x000001dd72410000)
 Next Bits: [0x000001dd72410000, 0x000001dd72510000)

Polling page: 0x000001dd56a80000

Metaspace:

Usage:
  Non-class:    321.12 KB used.
      Class:     12.34 KB used.
       Both:    333.46 KB used.

Virtual space:
  Non-class space:       64.00 MB reserved,     384.00 KB ( <1%) committed,  1 nodes.
      Class space:        1.00 GB reserved,     128.00 KB ( <1%) committed,  1 nodes.
             Both:        1.06 GB reserved,     512.00 KB ( <1%) committed. 

Chunk freelists:
   Non-Class:  12.00 MB
       Class:  15.75 MB
        Both:  27.75 MB

MaxMetaspaceSize: unlimited
CompressedClassSpaceSize: 1.00 GB
Initial GC threshold: 21.00 MB
Current GC threshold: 21.00 MB
CDS: on
MetaspaceReclaimPolicy: balanced
 - commit_granule_bytes: 65536.
 - commit_granule_words: 8192.
 - virtual_space_node_default_size: 8388608.
 - enlarge_chunks_in_place: 1.
 - new_chunks_are_fully_committed: 0.
 - uncommit_free_chunks: 1.
 - use_allocation_guard: 0.
 - handle_deallocations: 1.


Internal statistics:

num_allocs_failed_limit: 0.
num_arena_births: 4.
num_arena_deaths: 0.
num_vsnodes_births: 2.
num_vsnodes_deaths: 0.
num_space_committed: 8.
num_space_uncommitted: 0.
num_chunks_returned_to_freelist: 0.
num_chunks_taken_from_freelist: 5.
num_chunk_merges: 0.
num_chunk_splits: 3.
num_chunks_enlarged: 1.
num_inconsistent_stats: 0.

CodeHeap 'non-profiled nmethods': size=119488Kb used=44Kb max_used=44Kb free=119443Kb
 bounds [0x000001dd6a900000, 0x000001dd6ab70000, 0x000001dd71db0000]
CodeHeap 'profiled nmethods': size=119424Kb used=257Kb max_used=257Kb free=119166Kb
 bounds [0x000001dd62db0000, 0x000001dd63020000, 0x000001dd6a250000]
CodeHeap 'non-nmethods': size=6848Kb used=2214Kb max_used=2214Kb free=4633Kb
 bounds [0x000001dd6a250000, 0x000001dd6a4c0000, 0x000001dd6a900000]
 total_blobs=544 nmethods=187 adapters=283
 compilation: enabled
              stopped_count=0, restarted_count=0
 full_count=0

JVMCI Events (1 events):
Event: 0.024 Thread 0x000001dd58b0b7a0 created new Java JVMCI runtime -1 (0x000001dd750d3570)

Compilation events (20 events):
Event: 0.080 Thread 0x000001dd75109a80 nmethod 176 0x000001dd62debe10 code [0x000001dd62debfe0, 0x000001dd62dec278]
Event: 0.080 Thread 0x000001dd752308a0  179       3       java.lang.String::indexOf (7 bytes)
Event: 0.080 Thread 0x000001dd75230fd0 nmethod 177 0x000001dd62dec390 code [0x000001dd62dec560, 0x000001dd62dec998]
Event: 0.080 Thread 0x000001dd752308a0 nmethod 179 0x000001dd62decb10 code [0x000001dd62decce0, 0x000001dd62decff8]
Event: 0.081 Thread 0x000001dd75230fd0  180       3       java.lang.Class::getClassLoader (28 bytes)
Event: 0.082 Thread 0x000001dd75230fd0 nmethod 180 0x000001dd62ded110 code [0x000001dd62ded360, 0x000001dd62dee078]
Event: 0.085 Thread 0x000001dd75109a80  181       3       java.lang.String::toCharArray (25 bytes)
Event: 0.085 Thread 0x000001dd75109a80 nmethod 181 0x000001dd62dee390 code [0x000001dd62dee560, 0x000001dd62dee7f8]
Event: 0.085 Thread 0x000001dd75230fd0  182       3       java.util.zip.ZipUtils::SH (21 bytes)
Event: 0.085 Thread 0x000001dd75230fd0 nmethod 182 0x000001dd62dee910 code [0x000001dd62deeaa0, 0x000001dd62deebf8]
Event: 0.088 Thread 0x000001dd75230fd0  183       3       java.lang.StringBuilder::append (8 bytes)
Event: 0.088 Thread 0x000001dd75109a80  184       3       java.lang.AbstractStringBuilder::append (77 bytes)
Event: 0.088 Thread 0x000001dd75230fd0 nmethod 183 0x000001dd62deed10 code [0x000001dd62deeea0, 0x000001dd62deefe8]
Event: 0.089 Thread 0x000001dd75230fd0  185       3       java.lang.CharacterDataLatin1::getProperties (11 bytes)
Event: 0.089 Thread 0x000001dd75230fd0 nmethod 185 0x000001dd62def090 code [0x000001dd62def220, 0x000001dd62def358]
Event: 0.089 Thread 0x000001dd75230fd0  186       3       java.lang.CharacterDataLatin1::toLowerCase (39 bytes)
Event: 0.089 Thread 0x000001dd75109a80 nmethod 184 0x000001dd62def410 code [0x000001dd62def620, 0x000001dd62defca8]
Event: 0.089 Thread 0x000001dd75230fd0 nmethod 186 0x000001dd62deff10 code [0x000001dd62df00c0, 0x000001dd62df0318]
Event: 0.089 Thread 0x000001dd75230fd0  187       3       java.lang.Math::max (11 bytes)
Event: 0.089 Thread 0x000001dd75230fd0 nmethod 187 0x000001dd62df0410 code [0x000001dd62df05a0, 0x000001dd62df06d8]

GC Heap History (0 events):
No events

Deoptimization events (0 events):
No events

Classes unloaded (0 events):
No events

Classes redefined (0 events):
No events

Internal exceptions (0 events):
No events

VM Operations (2 events):
Event: 0.066 Executing VM operation: HandshakeAllThreads
Event: 0.066 Executing VM operation: HandshakeAllThreads done

Events (20 events):
Event: 0.036 loading class sun/nio/cs/DoubleByte
Event: 0.036 loading class sun/nio/cs/DoubleByte done
Event: 0.039 loading class sun/nio/cs/DoubleByte$Encoder
Event: 0.039 loading class sun/nio/cs/DoubleByte$Encoder done
Event: 0.040 loading class sun/nio/cs/GBK$EncodeHolder
Event: 0.040 loading class sun/nio/cs/GBK$EncodeHolder done
Event: 0.043 Thread 0x000001dd75101c90 Thread added: 0x000001dd75101c90
Event: 0.043 Thread 0x000001dd75104930 Thread added: 0x000001dd75104930
Event: 0.043 Thread 0x000001dd75106860 Thread added: 0x000001dd75106860
Event: 0.043 Thread 0x000001dd75107220 Thread added: 0x000001dd75107220
Event: 0.043 Thread 0x000001dd75107fc0 Thread added: 0x000001dd75107fc0
Event: 0.043 Thread 0x000001dd75109a80 Thread added: 0x000001dd75109a80
Event: 0.044 Thread 0x000001dd751161a0 Thread added: 0x000001dd751161a0
Event: 0.060 Thread 0x000001dd750cf900 Thread added: 0x000001dd750cf900
Event: 0.066 Thread 0x000001dd752308a0 Thread added: 0x000001dd752308a0
Event: 0.066 Thread 0x000001dd75230fd0 Thread added: 0x000001dd75230fd0
Event: 0.078 Thread 0x000001dd752d5b90 Thread added: 0x000001dd752d5b90
Event: 0.082 Loaded shared library C:\Program Files\Java\graalvm-jdk-17.0.10+11.1\bin\net.dll
Event: 0.084 Loaded shared library C:\Program Files\Java\graalvm-jdk-17.0.10+11.1\bin\nio.dll
Event: 0.087 Loaded shared library C:\Program Files\Java\graalvm-jdk-17.0.10+11.1\bin\zip.dll


Dynamic libraries:
0x00007ff7bd7e0000 - 0x00007ff7bd7f0000 	C:\Program Files\Java\graalvm-jdk-17.0.10+11.1\bin\java.exe
0x00007fffe29b0000 - 0x00007fffe2ba8000 	C:\Windows\SYSTEM32\ntdll.dll
0x00007fffe1b40000 - 0x00007fffe1c02000 	C:\Windows\System32\KERNEL32.DLL
0x00007fffe0560000 - 0x00007fffe0856000 	C:\Windows\System32\KERNELBASE.dll
0x00007fffe03d0000 - 0x00007fffe04d0000 	C:\Windows\System32\ucrtbase.dll
0x00007fffd3060000 - 0x00007fffd307b000 	C:\Program Files\Java\graalvm-jdk-17.0.10+11.1\bin\VCRUNTIME140.dll
0x00007fffcaa70000 - 0x00007fffcaa89000 	C:\Program Files\Java\graalvm-jdk-17.0.10+11.1\bin\jli.dll
0x00007fffe24b0000 - 0x00007fffe2561000 	C:\Windows\System32\ADVAPI32.dll
0x00007fffe1c10000 - 0x00007fffe1cae000 	C:\Windows\System32\msvcrt.dll
0x00007fffe2580000 - 0x00007fffe261f000 	C:\Windows\System32\sechost.dll
0x00007fffe09d0000 - 0x00007fffe0af0000 	C:\Windows\System32\RPCRT4.dll
0x00007fffe0240000 - 0x00007fffe0267000 	C:\Windows\System32\bcrypt.dll
0x00007fffe26a0000 - 0x00007fffe2841000 	C:\Windows\System32\USER32.dll
0x00007fffe0170000 - 0x00007fffe0192000 	C:\Windows\System32\win32u.dll
0x00007fffc83d0000 - 0x00007fffc866b000 	C:\Windows\WinSxS\amd64_microsoft.windows.common-controls_6595b64144ccf1df_6.0.19041.6456_none_60b8a6cb71f64256\COMCTL32.dll
0x00007fffe0ba0000 - 0x00007fffe0bcb000 	C:\Windows\System32\GDI32.dll
0x00007fffe0860000 - 0x00007fffe0979000 	C:\Windows\System32\gdi32full.dll
0x00007fffe01a0000 - 0x00007fffe023d000 	C:\Windows\System32\msvcp_win.dll
0x00007fffdb210000 - 0x00007fffdb21a000 	C:\Windows\SYSTEM32\VERSION.dll
0x00007fffe2420000 - 0x00007fffe244f000 	C:\Windows\System32\IMM32.DLL
0x00007fffdb120000 - 0x00007fffdb12c000 	C:\Program Files\Java\graalvm-jdk-17.0.10+11.1\bin\vcruntime140_1.dll
0x00007fffb2ae0000 - 0x00007fffb2b6e000 	C:\Program Files\Java\graalvm-jdk-17.0.10+11.1\bin\msvcp140.dll
0x00007fff93ff0000 - 0x00007fff94bc5000 	C:\Program Files\Java\graalvm-jdk-17.0.10+11.1\bin\server\jvm.dll
0x00007fffe2570000 - 0x00007fffe2578000 	C:\Windows\System32\PSAPI.DLL
0x00007fffb75f0000 - 0x00007fffb75f9000 	C:\Windows\SYSTEM32\WSOCK32.dll
0x00007fffd51d0000 - 0x00007fffd51f7000 	C:\Windows\SYSTEM32\WINMM.dll
0x00007fffe2850000 - 0x00007fffe28bb000 	C:\Windows\System32\WS2_32.dll
0x00007fffde880000 - 0x00007fffde892000 	C:\Windows\SYSTEM32\kernel.appcore.dll
0x00007fffdb0c0000 - 0x00007fffdb0ca000 	C:\Program Files\Java\graalvm-jdk-17.0.10+11.1\bin\jimage.dll
0x00007fffddbd0000 - 0x00007fffdddd1000 	C:\Windows\SYSTEM32\DBGHELP.DLL
0x00007fffbf4b0000 - 0x00007fffbf4e4000 	C:\Windows\SYSTEM32\dbgcore.DLL
0x00007fffe04d0000 - 0x00007fffe0552000 	C:\Windows\System32\bcryptPrimitives.dll
0x00007fffb45d0000 - 0x00007fffb45f5000 	C:\Program Files\Java\graalvm-jdk-17.0.10+11.1\bin\java.dll
0x00007fff76d10000 - 0x00007fff76de7000 	C:\Program Files\Java\graalvm-jdk-17.0.10+11.1\bin\jsvml.dll
0x00007fffe1cb0000 - 0x00007fffe2420000 	C:\Windows\System32\SHELL32.dll
0x00007fffddde0000 - 0x00007fffde585000 	C:\Windows\SYSTEM32\windows.storage.dll
0x00007fffe0bd0000 - 0x00007fffe0f24000 	C:\Windows\System32\combase.dll
0x00007fffdfa70000 - 0x00007fffdfa9b000 	C:\Windows\SYSTEM32\Wldp.dll
0x00007fffe1290000 - 0x00007fffe135d000 	C:\Windows\System32\OLEAUT32.dll
0x00007fffe0af0000 - 0x00007fffe0b9d000 	C:\Windows\System32\SHCORE.dll
0x00007fffe0f30000 - 0x00007fffe0f8b000 	C:\Windows\System32\shlwapi.dll
0x00007fffdff70000 - 0x00007fffdff94000 	C:\Windows\SYSTEM32\profapi.dll
0x00007fffbdad0000 - 0x00007fffbdae9000 	C:\Program Files\Java\graalvm-jdk-17.0.10+11.1\bin\net.dll
0x00007fffd9bc0000 - 0x00007fffd9cca000 	C:\Windows\SYSTEM32\WINHTTP.dll
0x00007fffdf7d0000 - 0x00007fffdf83a000 	C:\Windows\system32\mswsock.dll
0x00007fffbbc30000 - 0x00007fffbbc46000 	C:\Program Files\Java\graalvm-jdk-17.0.10+11.1\bin\nio.dll
0x00007fffb8500000 - 0x00007fffb8518000 	C:\Program Files\Java\graalvm-jdk-17.0.10+11.1\bin\zip.dll

dbghelp: loaded successfully - version: 4.0.5 - missing functions: none
symbol engine: initialized successfully - sym options: 0x614 - pdb path: .;C:\Program Files\Java\graalvm-jdk-17.0.10+11.1\bin;C:\Windows\SYSTEM32;C:\Windows\WinSxS\amd64_microsoft.windows.common-controls_6595b64144ccf1df_6.0.19041.6456_none_60b8a6cb71f64256;C:\Program Files\Java\graalvm-jdk-17.0.10+11.1\bin\server

VM Arguments:
jvm_args: -XX:ThreadPriorityPolicy=1 -XX:+UnlockExperimentalVMOptions -XX:+EnableJVMCIProduct -XX:-UnlockExperimentalVMOptions -Xmx768M -Xms256M -Xmx64m -Xms64m -Dorg.gradle.appname=gradlew 
java_command: F:\github\dove-home-team\essentialism\\gradle\wrapper\gradle-wrapper.jar compileJava --no-daemon -Dorg .gradle.jvmargs=-Xmx768M
java_class_path (initial): F:\github\dove-home-team\essentialism\\gradle\wrapper\gradle-wrapper.jar
Launcher Type: SUN_STANDARD

[Global flags]
     intx CICompilerCount                          = 4                                         {product} {ergonomic}
     uint ConcGCThreads                            = 3                                         {product} {ergonomic}
     bool EnableJVMCIProduct                       = true                                {JVMCI product} {jimage}
     uint G1ConcRefinementThreads                  = 10                                        {product} {ergonomic}
   size_t G1HeapRegionSize                         = 1048576                                   {product} {ergonomic}
    uintx GCDrainStackTargetSize                   = 64                                        {product} {ergonomic}
   size_t InitialHeapSize                          = 67108864                                  {product} {command line}
   size_t MarkStackSize                            = 4194304                                   {product} {ergonomic}
   size_t MaxHeapSize                              = 67108864                                  {product} {command line}
   size_t MaxNewSize                               = 39845888                                  {product} {ergonomic}
   size_t MinHeapDeltaBytes                        = 1048576                                   {product} {ergonomic}
   size_t MinHeapSize                              = 67108864                                  {product} {command line}
    uintx NonNMethodCodeHeapSize                   = 6979620                                {pd product} {ergonomic}
    uintx NonProfiledCodeHeapSize                  = 122339310                              {pd product} {ergonomic}
    uintx ProfiledCodeHeapSize                     = 122339310                              {pd product} {ergonomic}
    uintx ReservedCodeCacheSize                    = 251658240                              {pd product} {ergonomic}
     bool SegmentedCodeCache                       = true                                      {product} {ergonomic}
   size_t SoftMaxHeapSize                          = 67108864                               {manageable} {ergonomic}
     intx ThreadPriorityPolicy                     = 1                                         {product} {jimage}
     bool UseCompressedClassPointers               = true                           {product lp64_product} {ergonomic}
     bool UseCompressedOops                        = true                           {product lp64_product} {ergonomic}
     bool UseG1GC                                  = true                                      {product} {ergonomic}
     bool UseLargePagesIndividualAllocation        = false                                  {pd product} {ergonomic}

Logging:
Log output configuration:
 #0: stdout all=warning uptime,level,tags
 #1: stderr all=off uptime,level,tags

Environment Variables:
JAVA_HOME=C:\Program Files\Java\graalvm-jdk-17.0.10+11.1\
JAVA_TOOL_OPTIONS=-Xmx768M -Xms256M
PATH=C:\Program Files\Java\graalvm-jdk-17.0.10+11.1\\bin;C:\Program Files\Java\graalvm-jdk-21.0.1+12.1\bin;F:\maven\apache-maven-3.9.3\bin;C:\Program Files\Eclipse Adoptium\jdk-11.0.20.7-hotspot\bin;C:\Program Files\Microsoft\jdk-17.0.7.7-hotspot\bin;C:\Program Files\Common Files\Oracle\Java\javapath;C:\Program Files (x86)\Common Files\Oracle\Java\javapath;C:\Program Files (x86)\NVIDIA Corporation\PhysX\Common;C:\ProgramData\Oracle\Java\javapath;C:\Windows\system32;C:\Windows;C:\Windows\System32\Wbem;C:\Windows\System32\WindowsPowerShell\v1.0\;C:\Windows\System32\OpenSSH\;C:\Program Files\Microsoft SQL Server\Client SDK\ODBC\110\Tools\Binn\;C:\Program Files (x86)\Microsoft SQL Server\120\Tools\Binn\;C:\Program Files\Microsoft SQL Server\120\Tools\Binn\;C:\Program Files\Microsoft SQL Server\120\DTS\Binn\;C:\Program Files\Semeru\jdk-8.0.352.8-openj9\bin;C:\Program Files (x86)\Windows Kits\8.1\Windows Performance Toolkit\;C:\Program Files\Bandizip\;C:\Program Files\curl-7.86.0_3-win64-mingw\bin;F:\Users\Administrator\AppData\Local\JetBrains\Toolbox\apps\IDEA-U\ch-0\223.8214.52\bin;F:\Prog;F:\Program Files\nodejs\;C:\Program Files (x86)\Gpg4win\..\GnuPG\bin;C:\Program Files\Git\cmd;C:\Program Files\dotnet\;%USERPROFILE%\AppData\Local\Muse Hub\lib;C:\Program Files\WireGuard\;C:\Program Files\Docker\Docker\resources\bin;C:\Program Files\NVIDIA Corporation\NVIDIA App\NvDLISR;C:\Users\Administrator\.cargo\bin;F:\Users\Administrator\AppData\Local\Programs\Python\Python311\Scripts\;F:\Users\Administrator\AppData\Local\Programs\Python\Python311\;C:\Users\Administrator\AppData\Local\Microsoft\WindowsApps;F:\Users\Administrator\AppData\Local\JetBrains\Toolbox\scripts;C:\Users\Administrator\AppData\Local\GitHubDesktop\bin;F:\Users\Administrator\AppData\Local\Programs\Microsoft VS Code\bin;C:\Users\Administrator\go\bin;F:\Program Files\JetBrains\IntelliJ IDEA 2026.1\bin;C:\Users\Administrator\.dotnet\tools;C:\Program Files (x86)\Nmap;C:\Users\Administrator\AppData\Roaming\npm;C:\User
USERNAME=Administrator
OS=Windows_NT
PROCESSOR_IDENTIFIER=Intel64 Family 6 Model 158 Stepping 10, GenuineIntel



---------------  S Y S T E M  ---------------

OS:
 Windows 10 , 64 bit Build 19041 (10.0.19041.5915)
OS uptime: 5 days 7:18 hours

CPU: total 12 (initial active 12) (6 cores per cpu, 2 threads per core) family 6 model 158 stepping 10 microcode 0xb4, cx8, cmov, fxsr, ht, mmx, 3dnowpref, sse, sse2, sse3, ssse3, sse4.1, sse4.2, popcnt, lzcnt, tsc, tscinvbit, avx, avx2, aes, erms, clmul, bmi1, bmi2, adx, fma, vzeroupper, clflush, clflushopt

Memory: 4k page, system-wide physical 16275M (4061M free)
TotalPageFile size 46068M (AvailPageFile size 8M)
current process WorkingSet (physical memory assigned to process): 33M, peak: 33M
current process commit charge ("private bytes"): 147M, peak: 147M

vm_info: Java HotSpot(TM) 64-Bit Server VM (17.0.10+11-LTS-jvmci-23.0-b27) for windows-amd64 JRE (17.0.10+11-LTS-jvmci-23.0-b27), built on Dec 20 2023 07:24:22 by "" with MS VC++ 17.1 (VS2022)

END.
