#
# There is insufficient memory for the Java Runtime Environment to continue.
# Native memory allocation (mmap) failed to map 67108864 bytes for G1 virtual space
# Possible reasons:
#   The system is out of physical RAM or swap space
#   The process is running with CompressedOops enabled, and the Java Heap may be blocking the growth of the native heap
# Possible solutions:
#   Reduce memory load on the system
#   Increase physical memory or swap space
#   Check if swap backing store is full
#   Decrease Java heap size (-Xmx/-Xms)
#   Decrease number of Java threads
#   Decrease Java thread stack sizes (-Xss)
#   Set larger code cache with -XX:ReservedCodeCacheSize=
#   JVM is running with Unscaled Compressed Oops mode in which the Java heap is
#     placed in the first 4GB address space. The Java Heap base address is the
#     maximum limit for the native heap growth. Please use -XX:HeapBaseMinAddress
#     to set the Java Heap base and to place the Java Heap above 4GB virtual address.
# This output file may be truncated or incomplete.
#
#  Out of Memory Error (os_windows.cpp:3548), pid=517400, tid=517232
#
# JRE version:  (17.0.10+11) (build )
# Java VM: Java HotSpot(TM) 64-Bit Server VM (17.0.10+11-LTS-jvmci-23.0-b27, mixed mode, sharing, tiered, jvmci, jvmci compiler, compressed oops, compressed class ptrs, g1 gc, windows-amd64)
# No core dump will be written. Minidumps are not enabled by default on client versions of Windows
#

---------------  S U M M A R Y ------------

Command Line: -XX:ThreadPriorityPolicy=1 -XX:+UnlockExperimentalVMOptions -XX:+EnableJVMCIProduct -XX:-UnlockExperimentalVMOptions -Xmx64m -Xms64m -Xmx1G -Dorg.gradle.appname=gradlew F:\github\dove-home-team\essentialism\\gradle\wrapper\gradle-wrapper.jar compileJava --no-daemon

Host: Intel(R) Core(TM) i7-8750H CPU @ 2.20GHz, 12 cores, 15G,  Windows 10 , 64 bit Build 19041 (10.0.19041.5915)
Time: Tue Jul  7 15:57:30 2026  Windows 10 , 64 bit Build 19041 (10.0.19041.5915) elapsed time: 0.016828 seconds (0d 0h 0m 0s)

---------------  T H R E A D  ---------------

Current thread (0x000001e2955dc3b0):  JavaThread "Unknown thread" [_thread_in_vm, id=517232, stack(0x000000c648000000,0x000000c648100000)]

Stack: [0x000000c648000000,0x000000c648100000]
Native frames: (J=compiled Java code, j=interpreted, Vv=VM code, C=native code)
V  [jvm.dll+0x66d22a]
V  [jvm.dll+0x7cdafe]
V  [jvm.dll+0x7cf49e]
V  [jvm.dll+0x7cfb53]
V  [jvm.dll+0x2457bf]
V  [jvm.dll+0x66a189]
V  [jvm.dll+0x65eb52]
V  [jvm.dll+0x303276]
V  [jvm.dll+0x30a7f6]
V  [jvm.dll+0x35a09e]
V  [jvm.dll+0x35a2cf]
V  [jvm.dll+0x2da268]
V  [jvm.dll+0x2db1d4]
V  [jvm.dll+0x79fd71]
V  [jvm.dll+0x367cf1]
V  [jvm.dll+0x77ee09]
V  [jvm.dll+0x3eb6ef]
V  [jvm.dll+0x3ed171]
C  [jli.dll+0x5297]
C  [ucrtbase.dll+0x21bb2]
C  [KERNEL32.DLL+0x17374]
C  [ntdll.dll+0x4cc91]


---------------  P R O C E S S  ---------------

Threads class SMR info:
_java_thread_list=0x00007fff94a9dad8, length=0, elements={
}

Java Threads: ( => current thread )

Other Threads:
  0x000001e29561b4c0 GCTaskThread "GC Thread#0" [stack: 0x000000c648100000,0x000000c648200000] [id=517504]
  0x000001e295625320 ConcurrentGCThread "G1 Main Marker" [stack: 0x000000c648200000,0x000000c648300000] [id=517852]
  0x000001e295625c30 ConcurrentGCThread "G1 Conc#0" [stack: 0x000000c648300000,0x000000c648400000] [id=507336]

[error occurred during error reporting (printing all threads), id 0xc0000005, EXCEPTION_ACCESS_VIOLATION (0xc0000005) at pc=0x00007fff942daec7]

VM state: not at safepoint (not fully initialized)

VM Mutex/Monitor currently owned by a thread:  ([mutex/lock_event])
[0x000001e2955da5e0] Heap_lock - owner thread: 0x000001e2955dc3b0

Heap address: 0x00000000c0000000, size: 1024 MB, Compressed Oops mode: 32-bit

CDS archive(s) mapped at: [0x0000000000000000-0x0000000000000000-0x0000000000000000), size 0, SharedBaseAddress: 0x0000000800000000, ArchiveRelocationMode: 1.
Narrow klass base: 0x0000000000000000, Narrow klass shift: 0, Narrow klass range: 0x0

GC Precious Log:
<Empty>

Heap:
 garbage-first heap   total 0K, used 0K [0x00000000c0000000, 0x0000000100000000)
  region size 1024K, 0 young (0K), 0 survivors (0K)

[error occurred during error reporting (printing heap information), id 0xc0000005, EXCEPTION_ACCESS_VIOLATION (0xc0000005) at pc=0x00007fff946b6a09]

GC Heap History (0 events):
No events

Deoptimization events (0 events):
No events

Classes unloaded (0 events):
No events

Classes redefined (0 events):
No events

Internal exceptions (0 events):
No events

VM Operations (0 events):
No events

Events (1 events):
Event: 0.009 Loaded shared library C:\Program Files\Java\graalvm-jdk-17.0.10+11.1\bin\java.dll


Dynamic libraries:
0x00007ff7bd7e0000 - 0x00007ff7bd7f0000 	C:\Program Files\Java\graalvm-jdk-17.0.10+11.1\bin\java.exe
0x00007fffe29b0000 - 0x00007fffe2ba8000 	C:\Windows\SYSTEM32\ntdll.dll
0x00007fffe1b40000 - 0x00007fffe1c02000 	C:\Windows\System32\KERNEL32.DLL
0x00007fffe0560000 - 0x00007fffe0856000 	C:\Windows\System32\KERNELBASE.dll
0x00007fffe03d0000 - 0x00007fffe04d0000 	C:\Windows\System32\ucrtbase.dll
0x00007fffd3060000 - 0x00007fffd3079000 	C:\Program Files\Java\graalvm-jdk-17.0.10+11.1\bin\jli.dll
0x00007fffe24b0000 - 0x00007fffe2561000 	C:\Windows\System32\ADVAPI32.dll
0x00007fffcaa70000 - 0x00007fffcaa8b000 	C:\Program Files\Java\graalvm-jdk-17.0.10+11.1\bin\VCRUNTIME140.dll
0x00007fffe1c10000 - 0x00007fffe1cae000 	C:\Windows\System32\msvcrt.dll
0x00007fffe2580000 - 0x00007fffe261f000 	C:\Windows\System32\sechost.dll
0x00007fffe09d0000 - 0x00007fffe0af0000 	C:\Windows\System32\RPCRT4.dll
0x00007fffe0240000 - 0x00007fffe0267000 	C:\Windows\System32\bcrypt.dll
0x00007fffe26a0000 - 0x00007fffe2841000 	C:\Windows\System32\USER32.dll
0x00007fffe0170000 - 0x00007fffe0192000 	C:\Windows\System32\win32u.dll
0x00007fffe0ba0000 - 0x00007fffe0bcb000 	C:\Windows\System32\GDI32.dll
0x00007fffe0860000 - 0x00007fffe0979000 	C:\Windows\System32\gdi32full.dll
0x00007fffc83d0000 - 0x00007fffc866b000 	C:\Windows\WinSxS\amd64_microsoft.windows.common-controls_6595b64144ccf1df_6.0.19041.6456_none_60b8a6cb71f64256\COMCTL32.dll
0x00007fffe01a0000 - 0x00007fffe023d000 	C:\Windows\System32\msvcp_win.dll
0x00007fffdb210000 - 0x00007fffdb21a000 	C:\Windows\SYSTEM32\VERSION.dll
0x00007fffe2420000 - 0x00007fffe244f000 	C:\Windows\System32\IMM32.DLL
0x00007fffdb120000 - 0x00007fffdb12c000 	C:\Program Files\Java\graalvm-jdk-17.0.10+11.1\bin\vcruntime140_1.dll
0x00007fffb2ae0000 - 0x00007fffb2b6e000 	C:\Program Files\Java\graalvm-jdk-17.0.10+11.1\bin\msvcp140.dll
0x00007fff93ff0000 - 0x00007fff94bc5000 	C:\Program Files\Java\graalvm-jdk-17.0.10+11.1\bin\server\jvm.dll
0x00007fffe2570000 - 0x00007fffe2578000 	C:\Windows\System32\PSAPI.DLL
0x00007fffd51d0000 - 0x00007fffd51f7000 	C:\Windows\SYSTEM32\WINMM.dll
0x00007fffb75f0000 - 0x00007fffb75f9000 	C:\Windows\SYSTEM32\WSOCK32.dll
0x00007fffe2850000 - 0x00007fffe28bb000 	C:\Windows\System32\WS2_32.dll
0x00007fffde880000 - 0x00007fffde892000 	C:\Windows\SYSTEM32\kernel.appcore.dll
0x00007fffdb0c0000 - 0x00007fffdb0ca000 	C:\Program Files\Java\graalvm-jdk-17.0.10+11.1\bin\jimage.dll
0x00007fffddbd0000 - 0x00007fffdddd1000 	C:\Windows\SYSTEM32\DBGHELP.DLL
0x00007fffbf4b0000 - 0x00007fffbf4e4000 	C:\Windows\SYSTEM32\dbgcore.DLL
0x00007fffe04d0000 - 0x00007fffe0552000 	C:\Windows\System32\bcryptPrimitives.dll
0x00007fffb45d0000 - 0x00007fffb45f5000 	C:\Program Files\Java\graalvm-jdk-17.0.10+11.1\bin\java.dll

dbghelp: loaded successfully - version: 4.0.5 - missing functions: none
symbol engine: initialized successfully - sym options: 0x614 - pdb path: .;C:\Program Files\Java\graalvm-jdk-17.0.10+11.1\bin;C:\Windows\SYSTEM32;C:\Windows\WinSxS\amd64_microsoft.windows.common-controls_6595b64144ccf1df_6.0.19041.6456_none_60b8a6cb71f64256;C:\Program Files\Java\graalvm-jdk-17.0.10+11.1\bin\server

VM Arguments:
jvm_args: -XX:ThreadPriorityPolicy=1 -XX:+UnlockExperimentalVMOptions -XX:+EnableJVMCIProduct -XX:-UnlockExperimentalVMOptions -Xmx64m -Xms64m -Xmx1G -Dorg.gradle.appname=gradlew 
java_command: F:\github\dove-home-team\essentialism\\gradle\wrapper\gradle-wrapper.jar compileJava --no-daemon
java_class_path (initial): F:\github\dove-home-team\essentialism\\gradle\wrapper\gradle-wrapper.jar
Launcher Type: SUN_STANDARD

[Global flags]
     intx CICompilerCount                          = 4                                         {product} {ergonomic}
     uint ConcGCThreads                            = 3                                         {product} {ergonomic}
     bool EnableJVMCIProduct                       = true                                {JVMCI product} {jimage}
     uint G1ConcRefinementThreads                  = 10                                        {product} {ergonomic}
   size_t G1HeapRegionSize                         = 1048576                                   {product} {ergonomic}
    uintx GCDrainStackTargetSize                   = 64                                        {product} {ergonomic}
   size_t InitialHeapSize                          = 67108864                                  {product} {command line}
   size_t MarkStackSize                            = 4194304                                   {product} {ergonomic}
   size_t MaxHeapSize                              = 1073741824                                {product} {command line}
   size_t MinHeapDeltaBytes                        = 1048576                                   {product} {ergonomic}
   size_t MinHeapSize                              = 67108864                                  {product} {command line}
    uintx NonNMethodCodeHeapSize                   = 6979620                                {pd product} {ergonomic}
    uintx NonProfiledCodeHeapSize                  = 122339310                              {pd product} {ergonomic}
    uintx ProfiledCodeHeapSize                     = 122339310                              {pd product} {ergonomic}
    uintx ReservedCodeCacheSize                    = 251658240                              {pd product} {ergonomic}
     bool SegmentedCodeCache                       = true                                      {product} {ergonomic}
   size_t SoftMaxHeapSize                          = 1073741824                             {manageable} {ergonomic}
     intx ThreadPriorityPolicy                     = 1                                         {product} {jimage}
     bool UseCompressedClassPointers               = true                           {product lp64_product} {ergonomic}
     bool UseCompressedOops                        = true                           {product lp64_product} {ergonomic}
     bool UseG1GC                                  = true                                      {product} {ergonomic}
     bool UseLargePagesIndividualAllocation        = false                                  {pd product} {ergonomic}

Logging:
Log output configuration:
 #0: stdout all=warning uptime,level,tags
 #1: stderr all=off uptime,level,tags

Environment Variables:
JAVA_HOME=C:\Program Files\Java\graalvm-jdk-17.0.10+11.1\
PATH=C:\Program Files\Java\graalvm-jdk-17.0.10+11.1\\bin;C:\Program Files\Java\graalvm-jdk-21.0.1+12.1\bin;F:\maven\apache-maven-3.9.3\bin;C:\Program Files\Eclipse Adoptium\jdk-11.0.20.7-hotspot\bin;C:\Program Files\Microsoft\jdk-17.0.7.7-hotspot\bin;C:\Program Files\Common Files\Oracle\Java\javapath;C:\Program Files (x86)\Common Files\Oracle\Java\javapath;C:\Program Files (x86)\NVIDIA Corporation\PhysX\Common;C:\ProgramData\Oracle\Java\javapath;C:\Windows\system32;C:\Windows;C:\Windows\System32\Wbem;C:\Windows\System32\WindowsPowerShell\v1.0\;C:\Windows\System32\OpenSSH\;C:\Program Files\Microsoft SQL Server\Client SDK\ODBC\110\Tools\Binn\;C:\Program Files (x86)\Microsoft SQL Server\120\Tools\Binn\;C:\Program Files\Microsoft SQL Server\120\Tools\Binn\;C:\Program Files\Microsoft SQL Server\120\DTS\Binn\;C:\Program Files\Semeru\jdk-8.0.352.8-openj9\bin;C:\Program Files (x86)\Windows Kits\8.1\Windows Performance Toolkit\;C:\Program Files\Bandizip\;C:\Program Files\curl-7.86.0_3-win64-mingw\bin;F:\Users\Administrator\AppData\Local\JetBrains\Toolbox\apps\IDEA-U\ch-0\223.8214.52\bin;F:\Prog;F:\Program Files\nodejs\;C:\Program Files (x86)\Gpg4win\..\GnuPG\bin;C:\Program Files\Git\cmd;C:\Program Files\dotnet\;%USERPROFILE%\AppData\Local\Muse Hub\lib;C:\Program Files\WireGuard\;C:\Program Files\Docker\Docker\resources\bin;C:\Program Files\NVIDIA Corporation\NVIDIA App\NvDLISR;C:\Users\Administrator\.cargo\bin;F:\Users\Administrator\AppData\Local\Programs\Python\Python311\Scripts\;F:\Users\Administrator\AppData\Local\Programs\Python\Python311\;C:\Users\Administrator\AppData\Local\Microsoft\WindowsApps;F:\Users\Administrator\AppData\Local\JetBrains\Toolbox\scripts;C:\Users\Administrator\AppData\Local\GitHubDesktop\bin;F:\Users\Administrator\AppData\Local\Programs\Microsoft VS Code\bin;C:\Users\Administrator\go\bin;F:\Program Files\JetBrains\IntelliJ IDEA 2026.1\bin;C:\Users\Administrator\.dotnet\tools;C:\Program Files (x86)\Nmap;C:\Users\Administrator\AppData\Roaming\npm;C:\User
USERNAME=Administrator
OS=Windows_NT
PROCESSOR_IDENTIFIER=Intel64 Family 6 Model 158 Stepping 10, GenuineIntel



---------------  S Y S T E M  ---------------

OS:
 Windows 10 , 64 bit Build 19041 (10.0.19041.5915)
OS uptime: 5 days 7:18 hours

CPU: total 12 (initial active 12) (6 cores per cpu, 2 threads per core) family 6 model 158 stepping 10 microcode 0xb4, cx8, cmov, fxsr, ht, mmx, 3dnowpref, sse, sse2, sse3, ssse3, sse4.1, sse4.2, popcnt, lzcnt, tsc, tscinvbit, avx, avx2, aes, erms, clmul, bmi1, bmi2, adx, fma, vzeroupper, clflush, clflushopt

Memory: 4k page, system-wide physical 16275M (4058M free)
TotalPageFile size 46068M (AvailPageFile size 55M)
current process WorkingSet (physical memory assigned to process): 10M, peak: 10M
current process commit charge ("private bytes"): 64M, peak: 127M

vm_info: Java HotSpot(TM) 64-Bit Server VM (17.0.10+11-LTS-jvmci-23.0-b27) for windows-amd64 JRE (17.0.10+11-LTS-jvmci-23.0-b27), built on Dec 20 2023 07:24:22 by "" with MS VC++ 17.1 (VS2022)

END.
